-------------------------------------------------------------------------------
Test set: TestSuite
-------------------------------------------------------------------------------
Tests run: 5, Failures: 1, Errors: 0, Skipped: 0, Time elapsed: 270.279 sec <<< FAILURE! - in TestSuite
loginTest(com.projectName.companyName.testcases.SelectDropDownValues)  Time elapsed: 135.588 sec  <<< FAILURE!
java.lang.NullPointerException: null
	at sun.reflect.NativeMethodAccessorImpl.invoke0(Native Method)
	at sun.reflect.NativeMethodAccessorImpl.invoke(NativeMethodAccessorImpl.java:62)
	at sun.reflect.DelegatingMethodAccessorImpl.invoke(DelegatingMethodAccessorImpl.java:43)
	at java.lang.reflect.Method.invoke(Method.java:498)
	at org.openqa.selenium.support.pagefactory.internal.LocatingElementHandler.invoke(LocatingElementHandler.java:51)
	at com.sun.proxy.$Proxy8.toString(Unknown Source)
	at java.lang.String.valueOf(String.java:2994)
	at java.lang.StringBuilder.append(StringBuilder.java:131)
	at org.openqa.selenium.support.ui.ExpectedConditions$10.toString(ExpectedConditions.java:306)
	at java.lang.String.valueOf(String.java:2994)
	at java.lang.StringBuilder.append(StringBuilder.java:131)
	at org.openqa.selenium.support.ui.FluentWait.until(FluentWait.java:279)
	at com.DemoProfject.CompanyName.Pageobjects.BasePage.waitForPageToLoad(BasePage.java:93)
	at com.DemoProfject.CompanyName.Pageobjects.BasePage.openPage(BasePage.java:71)
	at com.DemoProfject.CompanyName.Pageobjects.FacebookPage.open(FacebookPage.java:37)
	at com.projectName.companyName.testcases.SelectDropDownValues.loginTest(SelectDropDownValues.java:27)

